
  .   ____          _            __ _ _
 /\\ / ___'_ __ _ _(_)_ __  __ _ \ \ \ \
( ( )\___ | '_ | '_| | '_ \/ _` | \ \ \ \
 \\/  ___)| |_)| | | | | || (_| |  ) ) ) )
  '  |____| .__|_| |_|_| |_\__, | / / / /
 =========|_|==============|___/=/_/_/_/
[32m :: Spring Boot :: [39m              [2m (v3.2.0)[0;39m

[2m2026-02-10T17:17:03.436+09:00[0;39m [32m INFO[0;39m [35m80061[0;39m [2m---[0;39m [2m[demo1] [           main][0;39m [2m[0;39m[36mcom.example.demo.Demo1Application       [0;39m [2m:[0;39m Starting Demo1Application v0.0.1-SNAPSHOT using Java 22.0.1 with PID 80061 (/Users/kim-yubin/Desktop/project/demo1/build/libs/demo1-0.0.1-SNAPSHOT.jar started by kim-yubin in /Users/kim-yubin/Desktop/project/demo1)
[2m2026-02-10T17:17:03.439+09:00[0;39m [32m INFO[0;39m [35m80061[0;39m [2m---[0;39m [2m[demo1] [           main][0;39m [2m[0;39m[36mcom.example.demo.Demo1Application       [0;39m [2m:[0;39m No active profile set, falling back to 1 default profile: "default"
[2m2026-02-10T17:17:04.016+09:00[0;39m [32m INFO[0;39m [35m80061[0;39m [2m---[0;39m [2m[demo1] [           main][0;39m [2m[0;39m[36m.s.d.r.c.RepositoryConfigurationDelegate[0;39m [2m:[0;39m Multiple Spring Data modules found, entering strict repository configuration mode
[2m2026-02-10T17:17:04.018+09:00[0;39m [32m INFO[0;39m [35m80061[0;39m [2m---[0;39m [2m[demo1] [           main][0;39m [2m[0;39m[36m.s.d.r.c.RepositoryConfigurationDelegate[0;39m [2m:[0;39m Bootstrapping Spring Data Redis repositories in DEFAULT mode.
[2m2026-02-10T17:17:04.037+09:00[0;39m [32m INFO[0;39m [35m80061[0;39m [2m---[0;39m [2m[demo1] [           main][0;39m [2m[0;39m[36m.s.d.r.c.RepositoryConfigurationDelegate[0;39m [2m:[0;39m Finished Spring Data repository scanning in 8 ms. Found 0 Redis repository interfaces.
[2m2026-02-10T17:17:04.348+09:00[0;39m [32m INFO[0;39m [35m80061[0;39m [2m---[0;39m [2m[demo1] [           main][0;39m [2m[0;39m[36mo.s.b.w.embedded.tomcat.TomcatWebServer [0;39m [2m:[0;39m Tomcat initialized with port 8081 (http)
[2m2026-02-10T17:17:04.355+09:00[0;39m [32m INFO[0;39m [35m80061[0;39m [2m---[0;39m [2m[demo1] [           main][0;39m [2m[0;39m[36mo.apache.catalina.core.StandardService  [0;39m [2m:[0;39m Starting service [Tomcat]
[2m2026-02-10T17:17:04.355+09:00[0;39m [32m INFO[0;39m [35m80061[0;39m [2m---[0;39m [2m[demo1] [           main][0;39m [2m[0;39m[36mo.apache.catalina.core.StandardEngine   [0;39m [2m:[0;39m Starting Servlet engine: [Apache Tomcat/10.1.16]
[2m2026-02-10T17:17:04.382+09:00[0;39m [32m INFO[0;39m [35m80061[0;39m [2m---[0;39m [2m[demo1] [           main][0;39m [2m[0;39m[36mo.a.c.c.C.[Tomcat].[localhost].[/]      [0;39m [2m:[0;39m Initializing Spring embedded WebApplicationContext
[2m2026-02-10T17:17:04.383+09:00[0;39m [32m INFO[0;39m [35m80061[0;39m [2m---[0;39m [2m[demo1] [           main][0;39m [2m[0;39m[36mw.s.c.ServletWebServerApplicationContext[0;39m [2m:[0;39m Root WebApplicationContext: initialization completed in 884 ms
[2m2026-02-10T17:17:05.015+09:00[0;39m [32m INFO[0;39m [35m80061[0;39m [2m---[0;39m [2m[demo1] [           main][0;39m [2m[0;39m[36mo.s.b.w.embedded.tomcat.TomcatWebServer [0;39m [2m:[0;39m Tomcat started on port 8081 (http) with context path ''
[2m2026-02-10T17:17:05.016+09:00[0;39m [32m INFO[0;39m [35m80061[0;39m [2m---[0;39m [2m[demo1] [           main][0;39m [2m[0;39m[36mo.s.m.s.b.SimpleBrokerMessageHandler    [0;39m [2m:[0;39m Starting...
[2m2026-02-10T17:17:05.018+09:00[0;39m [32m INFO[0;39m [35m80061[0;39m [2m---[0;39m [2m[demo1] [           main][0;39m [2m[0;39m[36mo.s.m.s.b.SimpleBrokerMessageHandler    [0;39m [2m:[0;39m BrokerAvailabilityEvent[available=true, SimpleBrokerMessageHandler [org.springframework.messaging.simp.broker.DefaultSubscriptionRegistry@5514579e]]
[2m2026-02-10T17:17:05.018+09:00[0;39m [32m INFO[0;39m [35m80061[0;39m [2m---[0;39m [2m[demo1] [           main][0;39m [2m[0;39m[36mo.s.m.s.b.SimpleBrokerMessageHandler    [0;39m [2m:[0;39m Started.
[2m2026-02-10T17:17:05.029+09:00[0;39m [32m INFO[0;39m [35m80061[0;39m [2m---[0;39m [2m[demo1] [           main][0;39m [2m[0;39m[36mcom.example.demo.Demo1Application       [0;39m [2m:[0;39m Started Demo1Application in 1.971 seconds (process running for 2.333)
[2m2026-02-10T17:17:37.981+09:00[0;39m [32m INFO[0;39m [35m80061[0;39m [2m---[0;39m [2m[demo1] [ionShutdownHook][0;39m [2m[0;39m[36mo.s.m.s.b.SimpleBrokerMessageHandler    [0;39m [2m:[0;39m Stopping...
[2m2026-02-10T17:17:37.981+09:00[0;39m [32m INFO[0;39m [35m80061[0;39m [2m---[0;39m [2m[demo1] [ionShutdownHook][0;39m [2m[0;39m[36mo.s.m.s.b.SimpleBrokerMessageHandler    [0;39m [2m:[0;39m BrokerAvailabilityEvent[available=false, SimpleBrokerMessageHandler [org.springframework.messaging.simp.broker.DefaultSubscriptionRegistry@5514579e]]
[2m2026-02-10T17:17:37.981+09:00[0;39m [32m INFO[0;39m [35m80061[0;39m [2m---[0;39m [2m[demo1] [ionShutdownHook][0;39m [2m[0;39m[36mo.s.m.s.b.SimpleBrokerMessageHandler    [0;39m [2m:[0;39m Stopped.
