
  .   ____          _            __ _ _
 /\\ / ___'_ __ _ _(_)_ __  __ _ \ \ \ \
( ( )\___ | '_ | '_| | '_ \/ _` | \ \ \ \
 \\/  ___)| |_)| | | | | || (_| |  ) ) ) )
  '  |____| .__|_| |_|_| |_\__, | / / / /
 =========|_|==============|___/=/_/_/_/
[32m :: Spring Boot :: [39m              [2m (v3.2.0)[0;39m

[2m2026-02-10T17:17:03.437+09:00[0;39m [32m INFO[0;39m [35m80060[0;39m [2m---[0;39m [2m[demo1] [           main][0;39m [2m[0;39m[36mcom.example.demo.Demo1Application       [0;39m [2m:[0;39m Starting Demo1Application v0.0.1-SNAPSHOT using Java 22.0.1 with PID 80060 (/Users/kim-yubin/Desktop/project/demo1/build/libs/demo1-0.0.1-SNAPSHOT.jar started by kim-yubin in /Users/kim-yubin/Desktop/project/demo1)
[2m2026-02-10T17:17:03.438+09:00[0;39m [32m INFO[0;39m [35m80060[0;39m [2m---[0;39m [2m[demo1] [           main][0;39m [2m[0;39m[36mcom.example.demo.Demo1Application       [0;39m [2m:[0;39m No active profile set, falling back to 1 default profile: "default"
[2m2026-02-10T17:17:04.016+09:00[0;39m [32m INFO[0;39m [35m80060[0;39m [2m---[0;39m [2m[demo1] [           main][0;39m [2m[0;39m[36m.s.d.r.c.RepositoryConfigurationDelegate[0;39m [2m:[0;39m Multiple Spring Data modules found, entering strict repository configuration mode
[2m2026-02-10T17:17:04.018+09:00[0;39m [32m INFO[0;39m [35m80060[0;39m [2m---[0;39m [2m[demo1] [           main][0;39m [2m[0;39m[36m.s.d.r.c.RepositoryConfigurationDelegate[0;39m [2m:[0;39m Bootstrapping Spring Data Redis repositories in DEFAULT mode.
[2m2026-02-10T17:17:04.037+09:00[0;39m [32m INFO[0;39m [35m80060[0;39m [2m---[0;39m [2m[demo1] [           main][0;39m [2m[0;39m[36m.s.d.r.c.RepositoryConfigurationDelegate[0;39m [2m:[0;39m Finished Spring Data repository scanning in 8 ms. Found 0 Redis repository interfaces.
[2m2026-02-10T17:17:04.348+09:00[0;39m [32m INFO[0;39m [35m80060[0;39m [2m---[0;39m [2m[demo1] [           main][0;39m [2m[0;39m[36mo.s.b.w.embedded.tomcat.TomcatWebServer [0;39m [2m:[0;39m Tomcat initialized with port 8080 (http)
[2m2026-02-10T17:17:04.355+09:00[0;39m [32m INFO[0;39m [35m80060[0;39m [2m---[0;39m [2m[demo1] [           main][0;39m [2m[0;39m[36mo.apache.catalina.core.StandardService  [0;39m [2m:[0;39m Starting service [Tomcat]
[2m2026-02-10T17:17:04.355+09:00[0;39m [32m INFO[0;39m [35m80060[0;39m [2m---[0;39m [2m[demo1] [           main][0;39m [2m[0;39m[36mo.apache.catalina.core.StandardEngine   [0;39m [2m:[0;39m Starting Servlet engine: [Apache Tomcat/10.1.16]
[2m2026-02-10T17:17:04.382+09:00[0;39m [32m INFO[0;39m [35m80060[0;39m [2m---[0;39m [2m[demo1] [           main][0;39m [2m[0;39m[36mo.a.c.c.C.[Tomcat].[localhost].[/]      [0;39m [2m:[0;39m Initializing Spring embedded WebApplicationContext
[2m2026-02-10T17:17:04.383+09:00[0;39m [32m INFO[0;39m [35m80060[0;39m [2m---[0;39m [2m[demo1] [           main][0;39m [2m[0;39m[36mw.s.c.ServletWebServerApplicationContext[0;39m [2m:[0;39m Root WebApplicationContext: initialization completed in 886 ms
[2m2026-02-10T17:17:05.013+09:00[0;39m [33m WARN[0;39m [35m80060[0;39m [2m---[0;39m [2m[demo1] [           main][0;39m [2m[0;39m[36mConfigServletWebServerApplicationContext[0;39m [2m:[0;39m Exception encountered during context initialization - cancelling refresh attempt: org.springframework.context.ApplicationContextException: Failed to start bean 'webServerStartStop'
[2m2026-02-10T17:17:05.028+09:00[0;39m [32m INFO[0;39m [35m80060[0;39m [2m---[0;39m [2m[demo1] [           main][0;39m [2m[0;39m[36m.s.b.a.l.ConditionEvaluationReportLogger[0;39m [2m:[0;39m 

Error starting ApplicationContext. To display the condition evaluation report re-run your application with 'debug' enabled.
[2m2026-02-10T17:17:05.039+09:00[0;39m [31mERROR[0;39m [35m80060[0;39m [2m---[0;39m [2m[demo1] [           main][0;39m [2m[0;39m[36mo.s.b.d.LoggingFailureAnalysisReporter  [0;39m [2m:[0;39m 

***************************
APPLICATION FAILED TO START
***************************

Description:

Web server failed to start. Port 8080 was already in use.

Action:

Identify and stop the process that's listening on port 8080 or configure this application to listen on another port.

